2026-07-20 12:31:09,210 INFO backfill 2026-07-15..2026-07-16 (2 trading days)
2026-07-20 12:31:11,404 INFO ok bulk_deals: +249 rows (total 249)
2026-07-20 12:31:13,536 INFO ok bhavcopy_delivery 2026-07-15: 3256 rows
2026-07-20 12:31:15,467 INFO ok bhavcopy_delivery 2026-07-16: 3275 rows
2026-07-20 12:31:15,467 INFO BACKFILL DONE 2026-07-15..2026-07-16 | written=3 skipped=0 failed=0
2026-07-20 12:31:29,390 INFO backfill 2026-07-15..2026-07-16 (2 trading days)
2026-07-20 12:31:30,998 INFO ok bulk_deals: +249 rows (total 249)
2026-07-20 12:31:30,999 INFO BACKFILL DONE 2026-07-15..2026-07-16 | written=1 skipped=2 failed=0
2026-07-20 12:31:40,987 INFO ok top_gainers: +128 rows (total 92)
2026-07-20 12:31:42,813 INFO ok total_traded_stocks: +3216 rows (total 3216)
2026-07-20 12:31:44,683 INFO ok advances_declines: +4 rows (total 4)
2026-07-20 12:55:19,844 INFO ok top_gainers: +128 rows (total 128)
2026-07-20 12:55:22,837 INFO ok top_gainers: +128 rows (total 128)
2026-07-20 12:56:01,328 WARNING mwpl attempt 1/3 failed: mwpl is a stub — wire it to the live NSE MWPL source and verify output; retry in 2.0s
2026-07-20 12:56:03,329 WARNING mwpl attempt 2/3 failed: mwpl is a stub — wire it to the live NSE MWPL source and verify output; retry in 4.0s
2026-07-20 12:56:07,331 WARNING mwpl attempt 3/3 failed: mwpl is a stub — wire it to the live NSE MWPL source and verify output; retry in 8.0s
2026-07-20 12:56:15,340 WARNING skip optional mwpl (mwpl is a stub — wire it to the live NSE MWPL source and verify output)
2026-07-20 13:42:33,085 WARNING bulk_deals attempt 1/3 failed: either or both from_date = 2026-07-20 00:00:00 || to_date = 2026-07-20 00:00:00 are not valid value; retry in 2.0s
2026-07-20 13:42:35,098 WARNING bulk_deals attempt 2/3 failed: either or both from_date = 2026-07-20 00:00:00 || to_date = 2026-07-20 00:00:00 are not valid value; retry in 4.0s
2026-07-20 13:42:39,101 WARNING bulk_deals attempt 3/3 failed: either or both from_date = 2026-07-20 00:00:00 || to_date = 2026-07-20 00:00:00 are not valid value; retry in 8.0s
2026-07-20 13:42:47,139 ERROR FAIL bulk_deals (either or both from_date = 2026-07-20 00:00:00 || to_date = 2026-07-20 00:00:00 are not valid value)
2026-07-20 13:42:47,139 WARNING block_deals attempt 1/3 failed: either or both from_date = 2026-07-20 00:00:00 || to_date = 2026-07-20 00:00:00 are not valid value; retry in 2.0s
2026-07-20 13:42:49,141 WARNING block_deals attempt 2/3 failed: either or both from_date = 2026-07-20 00:00:00 || to_date = 2026-07-20 00:00:00 are not valid value; retry in 4.0s
2026-07-20 13:42:53,143 WARNING block_deals attempt 3/3 failed: either or both from_date = 2026-07-20 00:00:00 || to_date = 2026-07-20 00:00:00 are not valid value; retry in 8.0s
2026-07-20 13:43:01,151 ERROR FAIL block_deals (either or both from_date = 2026-07-20 00:00:00 || to_date = 2026-07-20 00:00:00 are not valid value)
2026-07-20 13:43:01,152 WARNING short_selling attempt 1/3 failed: either or both from_date = 2026-07-20 00:00:00 || to_date = 2026-07-20 00:00:00 are not valid value; retry in 2.0s
2026-07-20 13:43:03,154 WARNING short_selling attempt 2/3 failed: either or both from_date = 2026-07-20 00:00:00 || to_date = 2026-07-20 00:00:00 are not valid value; retry in 4.0s
2026-07-20 13:43:07,156 WARNING short_selling attempt 3/3 failed: either or both from_date = 2026-07-20 00:00:00 || to_date = 2026-07-20 00:00:00 are not valid value; retry in 8.0s
2026-07-20 13:43:15,161 ERROR FAIL short_selling (either or both from_date = 2026-07-20 00:00:00 || to_date = 2026-07-20 00:00:00 are not valid value)
2026-07-20 13:43:15,163 WARNING corporate_actions attempt 1/3 failed: either or both from_date = 2026-07-20 00:00:00 || to_date = 2026-07-20 00:00:00 are not valid value; retry in 2.0s
2026-07-20 13:43:17,165 WARNING corporate_actions attempt 2/3 failed: either or both from_date = 2026-07-20 00:00:00 || to_date = 2026-07-20 00:00:00 are not valid value; retry in 4.0s
2026-07-20 13:43:21,166 WARNING corporate_actions attempt 3/3 failed: either or both from_date = 2026-07-20 00:00:00 || to_date = 2026-07-20 00:00:00 are not valid value; retry in 8.0s
2026-07-20 13:43:29,169 ERROR FAIL corporate_actions (either or both from_date = 2026-07-20 00:00:00 || to_date = 2026-07-20 00:00:00 are not valid value)
2026-07-20 13:43:32,188 INFO ok top_gainers: +129 rows (total 153)
2026-07-20 13:43:32,188 WARNING top_losers attempt 1/3 failed: 'losers' not a valid parameter :: select from ['gainers', 'loosers']; retry in 2.0s
2026-07-20 13:43:34,189 WARNING top_losers attempt 2/3 failed: 'losers' not a valid parameter :: select from ['gainers', 'loosers']; retry in 4.0s
2026-07-20 13:43:38,190 WARNING top_losers attempt 3/3 failed: 'losers' not a valid parameter :: select from ['gainers', 'loosers']; retry in 8.0s
2026-07-20 13:43:46,194 ERROR FAIL top_losers ('losers' not a valid parameter :: select from ['gainers', 'loosers'])
2026-07-20 13:43:48,670 INFO ok most_active_value: +20 rows (total 20)
2026-07-20 13:43:51,224 INFO ok most_active_volume: +20 rows (total 20)
2026-07-20 13:43:54,129 INFO ok total_traded_stocks: +3262 rows (total 3269)
2026-07-20 13:43:56,916 INFO ok all_indices: +139 rows (total 139)
2026-07-20 13:43:58,441 INFO ok bulk_deals: +367 rows (total 367)
2026-07-20 13:44:00,318 INFO skip block_deals (empty for 2026-07-15..2026-07-20)
2026-07-20 13:44:00,319 INFO DAILY DONE 2026-07-20 | written=1 skipped=1 failed=0
2026-07-20 13:44:00,442 INFO ok index_performances: +139 rows (total 139)
2026-07-20 13:44:03,976 INFO ok most_active_underlying: +215 rows (total 215)
2026-07-20 13:44:03,977 INFO skip option_chain (needs --symbol)
2026-07-20 13:44:05,149 WARNING bhavcopy_delivery attempt 1/3 failed:  Data not found, change the trade_date...; retry in 2.0s
2026-07-20 13:44:08,097 WARNING bhavcopy_delivery attempt 2/3 failed:  Data not found, change the trade_date...; retry in 4.0s
2026-07-20 13:44:12,996 WARNING bhavcopy_delivery attempt 3/3 failed:  Data not found, change the trade_date...; retry in 8.0s
2026-07-20 13:44:27,500 INFO ok bulk_deals: +367 rows (total 367)
2026-07-20 13:44:30,167 INFO skip block_deals (empty for 2026-07-15..2026-07-20)
2026-07-20 13:44:32,782 INFO ok short_selling: +279 rows (total 279)
2026-07-20 13:44:35,544 INFO ok corporate_actions: +82 rows (total 82)
2026-07-20 13:44:38,141 INFO ok top_gainers: +129 rows (total 157)
2026-07-20 13:44:38,141 WARNING top_losers attempt 1/3 failed: 'losers' not a valid parameter :: select from ['gainers', 'loosers']; retry in 2.0s
2026-07-20 13:44:40,142 WARNING top_losers attempt 2/3 failed: 'losers' not a valid parameter :: select from ['gainers', 'loosers']; retry in 4.0s
2026-07-20 13:44:44,143 WARNING top_losers attempt 3/3 failed: 'losers' not a valid parameter :: select from ['gainers', 'loosers']; retry in 8.0s
2026-07-20 13:44:52,152 ERROR FAIL top_losers ('losers' not a valid parameter :: select from ['gainers', 'loosers'])
2026-07-20 13:44:54,813 INFO ok most_active_value: +20 rows (total 20)
2026-07-20 13:44:57,434 INFO ok most_active_volume: +20 rows (total 20)
2026-07-20 13:44:59,925 INFO ok total_traded_stocks: +3262 rows (total 3269)
2026-07-20 13:45:02,538 INFO ok all_indices: +139 rows (total 139)
2026-07-20 13:45:05,191 INFO ok index_performances: +139 rows (total 139)
2026-07-20 13:45:07,737 INFO ok most_active_underlying: +215 rows (total 402)
2026-07-20 13:45:07,737 INFO skip option_chain (needs --symbol)
2026-07-20 13:45:08,777 WARNING bhavcopy_delivery attempt 1/3 failed:  Data not found, change the trade_date...; retry in 2.0s
2026-07-20 13:45:11,601 WARNING bhavcopy_delivery attempt 2/3 failed:  Data not found, change the trade_date...; retry in 4.0s
2026-07-20 13:45:16,566 WARNING bhavcopy_delivery attempt 3/3 failed:  Data not found, change the trade_date...; retry in 8.0s
2026-07-20 13:45:24,567 INFO skip bhavcopy_delivery 2026-07-20 (error treated as holiday:  Data not found, change the trade_date...)
2026-07-20 13:45:27,536 INFO skip fno_bhavcopy 2026-07-20 (no data - holiday?)
2026-07-20 13:45:30,459 INFO ok week52_high_low 2026-07-20: 5686 rows
2026-07-20 13:45:31,836 WARNING cash_turnover attempt 1/3 failed:  No data available for : 2026-07-20 00:00:00; retry in 2.0s
2026-07-20 13:45:35,224 WARNING cash_turnover attempt 2/3 failed:  No data available for : 2026-07-20 00:00:00; retry in 4.0s
2026-07-20 13:45:40,911 WARNING cash_turnover attempt 3/3 failed:  No data available for : 2026-07-20 00:00:00; retry in 8.0s
2026-07-20 13:45:48,912 INFO skip cash_turnover 2026-07-20 (error treated as holiday:  No data available for : 2026-07-20 00:00:00)
2026-07-20 13:45:50,462 WARNING fno_turnover attempt 1/3 failed: No data available for : 2026-07-20 00:00:00; retry in 2.0s
2026-07-20 13:45:54,422 WARNING fno_turnover attempt 2/3 failed: No data available for : 2026-07-20 00:00:00; retry in 4.0s
2026-07-20 13:45:59,873 WARNING fno_turnover attempt 3/3 failed: No data available for : 2026-07-20 00:00:00; retry in 8.0s
2026-07-20 13:46:07,874 INFO skip fno_turnover 2026-07-20 (error treated as holiday: No data available for : 2026-07-20 00:00:00)
2026-07-20 13:46:11,172 INFO ok pe_ratio 2026-07-20: 2270 rows
2026-07-20 13:46:12,475 WARNING fii_deriv_stats attempt 1/3 failed: No data available for : 20-Jul-2026; retry in 2.0s
2026-07-20 13:46:15,573 WARNING fii_deriv_stats attempt 2/3 failed: No data available for : 20-Jul-2026; retry in 4.0s
2026-07-20 13:46:20,519 WARNING fii_deriv_stats attempt 3/3 failed: No data available for : 20-Jul-2026; retry in 8.0s
2026-07-20 13:46:33,031 INFO ok top_losers: +118 rows (total 118)
2026-07-20 13:47:22,765 INFO ok all_indices: +139 rows (total 139)
2026-07-20 13:48:04,948 INFO ok bulk_deals: +367 rows (total 367)
2026-07-20 13:48:07,536 INFO skip block_deals (empty for 2026-07-15..2026-07-20)
2026-07-20 13:48:10,193 INFO ok short_selling: +279 rows (total 279)
2026-07-20 13:48:12,896 INFO ok corporate_actions: +82 rows (total 164)
2026-07-20 13:48:15,629 INFO ok top_gainers: +129 rows (total 164)
2026-07-20 13:48:18,381 INFO ok top_losers: +117 rows (total 123)
2026-07-20 13:48:21,088 INFO ok most_active_value: +20 rows (total 20)
2026-07-20 13:48:23,705 INFO ok most_active_volume: +20 rows (total 20)
2026-07-20 13:48:26,493 INFO ok total_traded_stocks: +3265 rows (total 3272)
2026-07-20 13:48:29,300 INFO ok all_indices: +139 rows (total 139)
2026-07-20 13:48:31,816 INFO ok index_performances: +139 rows (total 139)
2026-07-20 13:48:36,312 INFO ok most_active_underlying: +215 rows (total 600)
2026-07-20 13:48:36,312 INFO skip option_chain (needs --symbol)
2026-07-20 13:48:37,356 WARNING bhavcopy_delivery attempt 1/3 failed:  Data not found, change the trade_date...; retry in 2.0s
2026-07-20 13:48:40,333 WARNING bhavcopy_delivery attempt 2/3 failed:  Data not found, change the trade_date...; retry in 4.0s
2026-07-20 13:48:45,539 WARNING bhavcopy_delivery attempt 3/3 failed:  Data not found, change the trade_date...; retry in 8.0s
2026-07-20 13:48:53,541 INFO skip bhavcopy_delivery 2026-07-20 (error treated as holiday:  Data not found, change the trade_date...)
2026-07-20 13:48:56,596 INFO skip fno_bhavcopy 2026-07-20 (no data - holiday?)
2026-07-20 13:48:58,268 WARNING cash_turnover attempt 1/3 failed:  No data available for : 2026-07-20 00:00:00; retry in 2.0s
2026-07-20 13:49:02,499 WARNING cash_turnover attempt 2/3 failed:  No data available for : 2026-07-20 00:00:00; retry in 4.0s
2026-07-20 13:49:07,866 WARNING cash_turnover attempt 3/3 failed:  No data available for : 2026-07-20 00:00:00; retry in 8.0s
2026-07-20 13:49:15,867 INFO skip cash_turnover 2026-07-20 (error treated as holiday:  No data available for : 2026-07-20 00:00:00)
2026-07-20 13:49:17,203 WARNING fno_turnover attempt 1/3 failed: No data available for : 2026-07-20 00:00:00; retry in 2.0s
2026-07-20 13:49:20,883 WARNING fno_turnover attempt 2/3 failed: No data available for : 2026-07-20 00:00:00; retry in 4.0s
2026-07-20 13:49:26,525 WARNING fno_turnover attempt 3/3 failed: No data available for : 2026-07-20 00:00:00; retry in 8.0s
2026-07-20 13:49:34,526 INFO skip fno_turnover 2026-07-20 (error treated as holiday: No data available for : 2026-07-20 00:00:00)
2026-07-20 13:49:35,681 WARNING fii_deriv_stats attempt 1/3 failed: No data available for : 20-Jul-2026; retry in 2.0s
2026-07-20 13:49:38,772 WARNING fii_deriv_stats attempt 2/3 failed: No data available for : 20-Jul-2026; retry in 4.0s
2026-07-20 13:49:43,696 WARNING fii_deriv_stats attempt 3/3 failed: No data available for : 20-Jul-2026; retry in 8.0s
2026-07-20 13:49:51,697 INFO skip fii_deriv_stats 2026-07-20 (error treated as holiday: No data available for : 20-Jul-2026)
2026-07-20 13:49:54,660 WARNING participant_oi attempt 1/3 failed: No data available for : 2026-07-20 00:00:00; retry in 2.0s
2026-07-20 13:49:59,108 WARNING participant_oi attempt 2/3 failed: No data available for : 2026-07-20 00:00:00; retry in 4.0s
2026-07-20 13:50:06,352 WARNING participant_oi attempt 3/3 failed: No data available for : 2026-07-20 00:00:00; retry in 8.0s
2026-07-20 13:50:14,353 INFO skip participant_oi 2026-07-20 (error treated as holiday: No data available for : 2026-07-20 00:00:00)
2026-07-20 13:50:15,420 WARNING participant_volume attempt 1/3 failed: No data available for : 2026-07-20 00:00:00; retry in 2.0s
2026-07-20 13:50:18,548 WARNING participant_volume attempt 2/3 failed: No data available for : 2026-07-20 00:00:00; retry in 4.0s
2026-07-20 13:50:23,632 WARNING participant_volume attempt 3/3 failed: No data available for : 2026-07-20 00:00:00; retry in 8.0s
2026-07-20 13:50:31,634 INFO skip participant_volume 2026-07-20 (error treated as holiday: No data available for : 2026-07-20 00:00:00)
2026-07-20 13:50:34,524 INFO ok securities_in_ban 2026-07-20: 1 rows
2026-07-20 13:50:37,617 WARNING daily_volatility attempt 1/3 failed:  No CM daily volatility data available for : 20-07-2026 :: status=404; retry in 2.0s
2026-07-20 13:50:43,819 WARNING daily_volatility attempt 2/3 failed:  No CM daily volatility data available for : 20-07-2026 :: status=404; retry in 4.0s
2026-07-20 13:50:50,416 WARNING daily_volatility attempt 3/3 failed:  No CM daily volatility data available for : 20-07-2026 :: status=404; retry in 8.0s
2026-07-20 13:50:58,418 INFO skip daily_volatility 2026-07-20 (error treated as holiday:  No CM daily volatility data available for : 20-07-2026 :: status=404)
2026-07-20 13:51:01,497 INFO ok advances_declines: +4 rows (total 4)
2026-07-20 13:51:01,497 WARNING mwpl attempt 1/3 failed: mwpl is a stub - wire it to the live NSE MWPL source and verify output; retry in 2.0s
2026-07-20 13:51:03,498 WARNING mwpl attempt 2/3 failed: mwpl is a stub - wire it to the live NSE MWPL source and verify output; retry in 4.0s
2026-07-20 13:51:07,501 WARNING mwpl attempt 3/3 failed: mwpl is a stub - wire it to the live NSE MWPL source and verify output; retry in 8.0s
2026-07-20 13:51:15,506 WARNING skip optional mwpl (mwpl is a stub - wire it to the live NSE MWPL source and verify output)
2026-07-20 13:51:15,506 INFO DAILY DONE 2026-07-20 | written=13 skipped=13 failed=0
